<?xml version="1.0" encoding="UTF-8"?>
<!-- Generated by org.testng.reporters.JUnitReportReporter -->
<testsuite hostname="LAPTOP-3FL4I7ES" failures="0" tests="1" name="com.SauceDemo.TestClasses.TC08CustomerInfoFunctionality" time="9.216" errors="0" timestamp="2022-05-31T12:46:24 IST" skipped="0">
  <testcase classname="com.SauceDemo.TestClasses.TC08CustomerInfoFunctionality" name="Customerinfofunction" time="9.216"/>
  <system-out/>
</testsuite> <!-- com.SauceDemo.TestClasses.TC08CustomerInfoFunctionality -->
